
ROM used:   4754/32768 (15%)
            4754/32768 (15%) including unused fragments

            0.8 Average locations per line
            7.7 Average locations per statement

RAM used:   207/2048 (10%) at main() level
            248/2048 (12%) worst case

Stack used: 0 worst case (0 in main + 0 for interrupts)
Stack size: 31

Lines Stmts  %   Files
----- ----- ---  -----
  125    68  11  LIbraryusbmodifed.c
  877     0   0  ..\..\..\..\Program Files (x86)\PICC\Devices\18F4550.h
  228     0   0  ..\..\..\..\Program Files (x86)\PICC\Drivers\pic18_usb.h
  328     0   0  ..\..\..\..\Program Files (x86)\PICC\Drivers\usb_hw_layer.h
  318     0   0  ..\..\..\..\Program Files (x86)\PICC\Drivers\joy_control.h
   39     0   0  ..\..\..\..\Program Files (x86)\PICC\Drivers\stdbool.h
 1105     0   0  ..\..\..\..\Program Files (x86)\PICC\Drivers\usb.h
 1193   243  40  ..\..\..\..\Program Files (x86)\PICC\Drivers\usb.c
  195     0   0  ..\..\..\..\Program Files (x86)\PICC\Drivers\stdint.h
 1518   304  49  ..\..\..\..\Program Files (x86)\PICC\Drivers\pic18_usb.c
----- -----
 5926   615 Total

Page ROM  %  RAM    Vol Diff  Functions:
---- --- --- ---    --- ----  ----------
0     40   0    1             @delay_ms1
0     32   0    0             @const832
0     32   0    0             @const835
0     48   1    0             @const838
0     48   1    0             @const841
0     88   1    0             @const844
0     18   0    0             @const847
0     18   0    0             @const851
0     50   1    0             @const855
0     18   0    0             @const858
0     18   0    0             @const861
0     34   0    0             @const866
0     60   1    0             @const872
0     64   1    4    139  4.3  usb_tbe
0     38   0    1    172  3.4  usb_detach
0     46   0    0    236  2.3  usb_attach
0      6   0    0     16  1.0  usb_init_cs
0     36   0    1    375  5.2  usb_task
0    236   2   10    976  5.9  usb_flush_in
0    162   2   10    344  6.1  usb_put_packet
0    188   2    9    914  5.0  usb_flush_out
0     70   1    6    264  4.6  usb_stall_ep
0     90   1    6    329  4.7  usb_unstall_ep
0     86   1    5    373  6.0  usb_endpoint_stalled
0     22   0    1     94  2.7  usb_set_address
0    374   4   12   1785 11.3  usb_set_configured
0     76   1    5    199  3.2  usb_disable_endpoint
0     22   0    1     99  3.0  usb_disable_endpoints
0      4   0    0     61  4.0  usb_clear_trn
0    114   1    2    656  6.8  usb_isr
0      6   0    0     39  2.0  usb_isr_sof
0     48   1    0    450  4.3  usb_isr_rst
0     36   0    2    458  4.4  usb_init_ep0_setup
0      8   0    0     74  2.8  usb_isr_uerr
0     10   0    0     88  2.5  usb_isr_uidle
0     18   0    0    149  3.5  usb_isr_activity
0     14   0    0    151  3.9  usb_isr_stall
0      6   0    1     30  1.7  usb_request_send_response
0      4   0    0     22  1.2  usb_request_stall
0    206   2    3   2940  9.3  usb_isr_tok_dne
0      8   0    0     29  1.9  usb_enumerated
0     86   1   14             @MUL3232
0     40   0    3    255  4.0  usb_token_reset
0     66   1    3    305  7.1  usb_endpoint_is_valid
0     24   0    1    158  3.1  usb_isr_tok_in_dne
0      6   0    1     53  1.9  usb_isr_tok_out_dne
0     50   1    0    375  6.4  usb_isr_tok_setup_dne
0    170   2    0   1454  8.3  usb_isr_tkn_setup_StandardDevice
0    148   2    3    995  7.8  usb_isr_tkn_setup_StandardInterface
0     94   1    0    753  5.8  usb_isr_tkn_setup_StandardEndpoint
0     12   0    0    105  3.8  usb_isr_tkn_setup_ClassInterface
0    264   3    1   1659 10.8  usb_Get_Descriptor
0     14   0    0     76  1.8  usb_finish_set_address
0    130   1    4    678  7.8  usb_copy_desc_seg_to_ep
0     34   0    0             @goto52181
0    164   2   11    883  3.9  read_Buttons
0    186   2   10    290  5.5  adc_offset
0    144   2   13             @DIV3232
0     96   1    6    181  4.5  read_joystick
0     32   0    5             @MUL1616
0     68   1    5             @DIV1616
0    254   3   19   1783  5.6  MAIN
 Inline         0             @cinit1

Program metrics:
    Functions               44
    Statements              615
    Comments                2907
    Volume (V)              38589
    Difficulty (D)          207.9
    Effort to implement (E) 8023329
    Time to implement (T)   123 hours, 49 minutes
    Est Delivered Bugs (B)  13
    Cyclomatic Complexity   118
    Maintainability (MI)    94

 Segment     Used  Free
-----------  ----  ----
00000-00002     4  0  
00004-00006     4  0  
00008-000AC   166  0  
000AE-07FFE  4580  28014  



